2025-07-29 17:12:11.854 [main] INFO  LogModelsApplication - Starting LogModelsApplication using Java 17.0.13 on DESKTOP-AF7763U with PID 21404 (D:\code\log_models\target\classes started by admin in D:\code\log_models)
2025-07-29 17:12:11.857 [main] INFO  LogModelsApplication - No active profile set, falling back to 1 default profile: "default"
2025-07-29 17:12:11.897 [main] WARN  o.s.b.c.ConfigurationWarningsApplicationContextInitializer - 

** WARNING ** : Your ApplicationContext is unlikely to start due to a @ComponentScan of the default package.


2025-07-29 17:12:12.267 [main] WARN  o.s.b.w.s.c.AnnotationConfigServletWebServerApplicationContext - Exception encountered during context initialization - cancelling refresh attempt: org.springframework.beans.factory.BeanDefinitionStoreException: Failed to read candidate component class: URL [jar:file:/D:\app\develop\maven\apache-maven-3.9.11-bin\apache-maven-3.9.11\lib\org\springframework\boot\spring-boot-autoconfigure\2.7.18\spring-boot-autoconfigure-2.7.18.jar!/org/springframework/boot/autoconfigure/r2dbc/ConnectionFactoryConfigurations$PoolConfiguration.class]; nested exception is java.lang.IllegalStateException: Could not evaluate condition on org.springframework.boot.autoconfigure.r2dbc.ConnectionFactoryConfigurations$PoolConfiguration due to io/r2dbc/spi/ValidationDepth not found. Make sure your own configuration does not rely on that class. This can also happen if you are @ComponentScanning a springframework package (e.g. if you put a @ComponentScan in the default package by mistake)
2025-07-29 17:12:12.271 [main] INFO  o.s.b.a.l.ConditionEvaluationReportLoggingListener - 

Error starting ApplicationContext. To display the conditions report re-run your application with 'debug' enabled.
2025-07-29 17:12:12.283 [main] ERROR o.s.boot.SpringApplication - Application run failed
org.springframework.beans.factory.BeanDefinitionStoreException: Failed to read candidate component class: URL [jar:file:/D:\app\develop\maven\apache-maven-3.9.11-bin\apache-maven-3.9.11\lib\org\springframework\boot\spring-boot-autoconfigure\2.7.18\spring-boot-autoconfigure-2.7.18.jar!/org/springframework/boot/autoconfigure/r2dbc/ConnectionFactoryConfigurations$PoolConfiguration.class]; nested exception is java.lang.IllegalStateException: Could not evaluate condition on org.springframework.boot.autoconfigure.r2dbc.ConnectionFactoryConfigurations$PoolConfiguration due to io/r2dbc/spi/ValidationDepth not found. Make sure your own configuration does not rely on that class. This can also happen if you are @ComponentScanning a springframework package (e.g. if you put a @ComponentScan in the default package by mistake)
	at org.springframework.context.annotation.ClassPathScanningCandidateComponentProvider.scanCandidateComponents(ClassPathScanningCandidateComponentProvider.java:457)
	at org.springframework.context.annotation.ClassPathScanningCandidateComponentProvider.findCandidateComponents(ClassPathScanningCandidateComponentProvider.java:316)
	at org.springframework.context.annotation.ClassPathBeanDefinitionScanner.doScan(ClassPathBeanDefinitionScanner.java:276)
	at org.springframework.context.annotation.ComponentScanAnnotationParser.parse(ComponentScanAnnotationParser.java:128)
	at org.springframework.context.annotation.ConfigurationClassParser.doProcessConfigurationClass(ConfigurationClassParser.java:295)
	at org.springframework.context.annotation.ConfigurationClassParser.processConfigurationClass(ConfigurationClassParser.java:249)
	at org.springframework.context.annotation.ConfigurationClassParser.parse(ConfigurationClassParser.java:206)
	at org.springframework.context.annotation.ConfigurationClassParser.parse(ConfigurationClassParser.java:174)
	at org.springframework.context.annotation.ConfigurationClassPostProcessor.processConfigBeanDefinitions(ConfigurationClassPostProcessor.java:331)
	at org.springframework.context.annotation.ConfigurationClassPostProcessor.postProcessBeanDefinitionRegistry(ConfigurationClassPostProcessor.java:247)
	at org.springframework.context.support.PostProcessorRegistrationDelegate.invokeBeanDefinitionRegistryPostProcessors(PostProcessorRegistrationDelegate.java:311)
	at org.springframework.context.support.PostProcessorRegistrationDelegate.invokeBeanFactoryPostProcessors(PostProcessorRegistrationDelegate.java:112)
	at org.springframework.context.support.AbstractApplicationContext.invokeBeanFactoryPostProcessors(AbstractApplicationContext.java:756)
	at org.springframework.context.support.AbstractApplicationContext.refresh(AbstractApplicationContext.java:572)
	at org.springframework.boot.web.servlet.context.ServletWebServerApplicationContext.refresh(ServletWebServerApplicationContext.java:147)
	at org.springframework.boot.SpringApplication.refresh(SpringApplication.java:732)
	at org.springframework.boot.SpringApplication.refreshContext(SpringApplication.java:409)
	at org.springframework.boot.SpringApplication.run(SpringApplication.java:308)
	at org.springframework.boot.SpringApplication.run(SpringApplication.java:1300)
	at org.springframework.boot.SpringApplication.run(SpringApplication.java:1289)
	at LogModelsApplication.main(LogModelsApplication.java:12)
Caused by: java.lang.IllegalStateException: Could not evaluate condition on org.springframework.boot.autoconfigure.r2dbc.ConnectionFactoryConfigurations$PoolConfiguration due to io/r2dbc/spi/ValidationDepth not found. Make sure your own configuration does not rely on that class. This can also happen if you are @ComponentScanning a springframework package (e.g. if you put a @ComponentScan in the default package by mistake)
	at org.springframework.boot.autoconfigure.condition.SpringBootCondition.matches(SpringBootCondition.java:54)
	at org.springframework.context.annotation.ConditionEvaluator.shouldSkip(ConditionEvaluator.java:108)
	at org.springframework.context.annotation.ConditionEvaluator.shouldSkip(ConditionEvaluator.java:88)
	at org.springframework.context.annotation.ConditionEvaluator.shouldSkip(ConditionEvaluator.java:71)
	at org.springframework.context.annotation.ClassPathScanningCandidateComponentProvider.isConditionMatch(ClassPathScanningCandidateComponentProvider.java:512)
	at org.springframework.context.annotation.ClassPathScanningCandidateComponentProvider.isCandidateComponent(ClassPathScanningCandidateComponentProvider.java:495)
	at org.springframework.context.annotation.ClassPathScanningCandidateComponentProvider.scanCandidateComponents(ClassPathScanningCandidateComponentProvider.java:430)
	... 20 common frames omitted
Caused by: java.lang.NoClassDefFoundError: io/r2dbc/spi/ValidationDepth
	at java.base/java.lang.Class.getDeclaredMethods0(Native Method)
	at java.base/java.lang.Class.privateGetDeclaredMethods(Class.java:3402)
	at java.base/java.lang.Class.getDeclaredMethods(Class.java:2504)
	at org.springframework.boot.context.properties.bind.JavaBeanBinder$Bean.getDeclaredMethods(JavaBeanBinder.java:143)
	at org.springframework.boot.context.properties.bind.JavaBeanBinder$Bean.getSorted(JavaBeanBinder.java:152)
	at org.springframework.boot.context.properties.bind.JavaBeanBinder$Bean.addProperties(JavaBeanBinder.java:135)
	at org.springframework.boot.context.properties.bind.JavaBeanBinder$Bean.<init>(JavaBeanBinder.java:130)
	at org.springframework.boot.context.properties.bind.JavaBeanBinder$Bean.get(JavaBeanBinder.java:238)
	at org.springframework.boot.context.properties.bind.JavaBeanBinder.bind(JavaBeanBinder.java:57)
	at org.springframework.boot.context.properties.bind.Binder.lambda$bindDataObject$5(Binder.java:476)
	at org.springframework.boot.context.properties.bind.Binder$Context.withIncreasedDepth(Binder.java:590)
	at org.springframework.boot.context.properties.bind.Binder$Context.withDataObject(Binder.java:576)
	at org.springframework.boot.context.properties.bind.Binder$Context.access$300(Binder.java:537)
	at org.springframework.boot.context.properties.bind.Binder.bindDataObject(Binder.java:474)
	at org.springframework.boot.context.properties.bind.Binder.bindObject(Binder.java:414)
	at org.springframework.boot.context.properties.bind.Binder.bind(Binder.java:343)
	at org.springframework.boot.context.properties.bind.Binder.bind(Binder.java:332)
	at org.springframework.boot.context.properties.bind.Binder.bind(Binder.java:262)
	at org.springframework.boot.context.properties.bind.Binder.bind(Binder.java:223)
	at org.springframework.boot.autoconfigure.r2dbc.ConnectionFactoryConfigurations$PooledConnectionFactoryCondition.getMatchOutcome(ConnectionFactoryConfigurations.java:142)
	at org.springframework.boot.autoconfigure.condition.SpringBootCondition.matches(SpringBootCondition.java:47)
	... 26 common frames omitted
Caused by: java.lang.ClassNotFoundException: io.r2dbc.spi.ValidationDepth
	at java.base/jdk.internal.loader.BuiltinClassLoader.loadClass(BuiltinClassLoader.java:641)
	at java.base/jdk.internal.loader.ClassLoaders$AppClassLoader.loadClass(ClassLoaders.java:188)
	at java.base/java.lang.ClassLoader.loadClass(ClassLoader.java:525)
	... 47 common frames omitted
2025-07-29 17:21:12.517 [main] INFO  LogModelsApplication - Starting LogModelsApplication using Java 17.0.13 on DESKTOP-AF7763U with PID 18524 (D:\code\log_models\target\classes started by admin in D:\code\log_models)
2025-07-29 17:21:12.520 [main] INFO  LogModelsApplication - No active profile set, falling back to 1 default profile: "default"
2025-07-29 17:21:12.554 [main] WARN  o.s.b.c.ConfigurationWarningsApplicationContextInitializer - 

** WARNING ** : Your ApplicationContext is unlikely to start due to a @ComponentScan of the default package.


2025-07-29 17:21:12.904 [main] WARN  o.s.b.w.s.c.AnnotationConfigServletWebServerApplicationContext - Exception encountered during context initialization - cancelling refresh attempt: org.springframework.beans.factory.BeanDefinitionStoreException: Failed to read candidate component class: URL [jar:file:/D:\app\develop\maven\apache-maven-3.9.11-bin\apache-maven-3.9.11\lib\org\springframework\boot\spring-boot-autoconfigure\2.7.18\spring-boot-autoconfigure-2.7.18.jar!/org/springframework/boot/autoconfigure/r2dbc/ConnectionFactoryConfigurations$PoolConfiguration.class]; nested exception is java.lang.IllegalStateException: Could not evaluate condition on org.springframework.boot.autoconfigure.r2dbc.ConnectionFactoryConfigurations$PoolConfiguration due to io/r2dbc/spi/ValidationDepth not found. Make sure your own configuration does not rely on that class. This can also happen if you are @ComponentScanning a springframework package (e.g. if you put a @ComponentScan in the default package by mistake)
2025-07-29 17:21:12.907 [main] INFO  o.s.b.a.l.ConditionEvaluationReportLoggingListener - 

Error starting ApplicationContext. To display the conditions report re-run your application with 'debug' enabled.
2025-07-29 17:21:12.919 [main] ERROR o.s.boot.SpringApplication - Application run failed
org.springframework.beans.factory.BeanDefinitionStoreException: Failed to read candidate component class: URL [jar:file:/D:\app\develop\maven\apache-maven-3.9.11-bin\apache-maven-3.9.11\lib\org\springframework\boot\spring-boot-autoconfigure\2.7.18\spring-boot-autoconfigure-2.7.18.jar!/org/springframework/boot/autoconfigure/r2dbc/ConnectionFactoryConfigurations$PoolConfiguration.class]; nested exception is java.lang.IllegalStateException: Could not evaluate condition on org.springframework.boot.autoconfigure.r2dbc.ConnectionFactoryConfigurations$PoolConfiguration due to io/r2dbc/spi/ValidationDepth not found. Make sure your own configuration does not rely on that class. This can also happen if you are @ComponentScanning a springframework package (e.g. if you put a @ComponentScan in the default package by mistake)
	at org.springframework.context.annotation.ClassPathScanningCandidateComponentProvider.scanCandidateComponents(ClassPathScanningCandidateComponentProvider.java:457)
	at org.springframework.context.annotation.ClassPathScanningCandidateComponentProvider.findCandidateComponents(ClassPathScanningCandidateComponentProvider.java:316)
	at org.springframework.context.annotation.ClassPathBeanDefinitionScanner.doScan(ClassPathBeanDefinitionScanner.java:276)
	at org.springframework.context.annotation.ComponentScanAnnotationParser.parse(ComponentScanAnnotationParser.java:128)
	at org.springframework.context.annotation.ConfigurationClassParser.doProcessConfigurationClass(ConfigurationClassParser.java:295)
	at org.springframework.context.annotation.ConfigurationClassParser.processConfigurationClass(ConfigurationClassParser.java:249)
	at org.springframework.context.annotation.ConfigurationClassParser.parse(ConfigurationClassParser.java:206)
	at org.springframework.context.annotation.ConfigurationClassParser.parse(ConfigurationClassParser.java:174)
	at org.springframework.context.annotation.ConfigurationClassPostProcessor.processConfigBeanDefinitions(ConfigurationClassPostProcessor.java:331)
	at org.springframework.context.annotation.ConfigurationClassPostProcessor.postProcessBeanDefinitionRegistry(ConfigurationClassPostProcessor.java:247)
	at org.springframework.context.support.PostProcessorRegistrationDelegate.invokeBeanDefinitionRegistryPostProcessors(PostProcessorRegistrationDelegate.java:311)
	at org.springframework.context.support.PostProcessorRegistrationDelegate.invokeBeanFactoryPostProcessors(PostProcessorRegistrationDelegate.java:112)
	at org.springframework.context.support.AbstractApplicationContext.invokeBeanFactoryPostProcessors(AbstractApplicationContext.java:756)
	at org.springframework.context.support.AbstractApplicationContext.refresh(AbstractApplicationContext.java:572)
	at org.springframework.boot.web.servlet.context.ServletWebServerApplicationContext.refresh(ServletWebServerApplicationContext.java:147)
	at org.springframework.boot.SpringApplication.refresh(SpringApplication.java:732)
	at org.springframework.boot.SpringApplication.refreshContext(SpringApplication.java:409)
	at org.springframework.boot.SpringApplication.run(SpringApplication.java:308)
	at org.springframework.boot.SpringApplication.run(SpringApplication.java:1300)
	at org.springframework.boot.SpringApplication.run(SpringApplication.java:1289)
	at LogModelsApplication.main(LogModelsApplication.java:12)
Caused by: java.lang.IllegalStateException: Could not evaluate condition on org.springframework.boot.autoconfigure.r2dbc.ConnectionFactoryConfigurations$PoolConfiguration due to io/r2dbc/spi/ValidationDepth not found. Make sure your own configuration does not rely on that class. This can also happen if you are @ComponentScanning a springframework package (e.g. if you put a @ComponentScan in the default package by mistake)
	at org.springframework.boot.autoconfigure.condition.SpringBootCondition.matches(SpringBootCondition.java:54)
	at org.springframework.context.annotation.ConditionEvaluator.shouldSkip(ConditionEvaluator.java:108)
	at org.springframework.context.annotation.ConditionEvaluator.shouldSkip(ConditionEvaluator.java:88)
	at org.springframework.context.annotation.ConditionEvaluator.shouldSkip(ConditionEvaluator.java:71)
	at org.springframework.context.annotation.ClassPathScanningCandidateComponentProvider.isConditionMatch(ClassPathScanningCandidateComponentProvider.java:512)
	at org.springframework.context.annotation.ClassPathScanningCandidateComponentProvider.isCandidateComponent(ClassPathScanningCandidateComponentProvider.java:495)
	at org.springframework.context.annotation.ClassPathScanningCandidateComponentProvider.scanCandidateComponents(ClassPathScanningCandidateComponentProvider.java:430)
	... 20 common frames omitted
Caused by: java.lang.NoClassDefFoundError: io/r2dbc/spi/ValidationDepth
	at java.base/java.lang.Class.getDeclaredMethods0(Native Method)
	at java.base/java.lang.Class.privateGetDeclaredMethods(Class.java:3402)
	at java.base/java.lang.Class.getDeclaredMethods(Class.java:2504)
	at org.springframework.boot.context.properties.bind.JavaBeanBinder$Bean.getDeclaredMethods(JavaBeanBinder.java:143)
	at org.springframework.boot.context.properties.bind.JavaBeanBinder$Bean.getSorted(JavaBeanBinder.java:152)
	at org.springframework.boot.context.properties.bind.JavaBeanBinder$Bean.addProperties(JavaBeanBinder.java:135)
	at org.springframework.boot.context.properties.bind.JavaBeanBinder$Bean.<init>(JavaBeanBinder.java:130)
	at org.springframework.boot.context.properties.bind.JavaBeanBinder$Bean.get(JavaBeanBinder.java:238)
	at org.springframework.boot.context.properties.bind.JavaBeanBinder.bind(JavaBeanBinder.java:57)
	at org.springframework.boot.context.properties.bind.Binder.lambda$bindDataObject$5(Binder.java:476)
	at org.springframework.boot.context.properties.bind.Binder$Context.withIncreasedDepth(Binder.java:590)
	at org.springframework.boot.context.properties.bind.Binder$Context.withDataObject(Binder.java:576)
	at org.springframework.boot.context.properties.bind.Binder$Context.access$300(Binder.java:537)
	at org.springframework.boot.context.properties.bind.Binder.bindDataObject(Binder.java:474)
	at org.springframework.boot.context.properties.bind.Binder.bindObject(Binder.java:414)
	at org.springframework.boot.context.properties.bind.Binder.bind(Binder.java:343)
	at org.springframework.boot.context.properties.bind.Binder.bind(Binder.java:332)
	at org.springframework.boot.context.properties.bind.Binder.bind(Binder.java:262)
	at org.springframework.boot.context.properties.bind.Binder.bind(Binder.java:223)
	at org.springframework.boot.autoconfigure.r2dbc.ConnectionFactoryConfigurations$PooledConnectionFactoryCondition.getMatchOutcome(ConnectionFactoryConfigurations.java:142)
	at org.springframework.boot.autoconfigure.condition.SpringBootCondition.matches(SpringBootCondition.java:47)
	... 26 common frames omitted
Caused by: java.lang.ClassNotFoundException: io.r2dbc.spi.ValidationDepth
	at java.base/jdk.internal.loader.BuiltinClassLoader.loadClass(BuiltinClassLoader.java:641)
	at java.base/jdk.internal.loader.ClassLoaders$AppClassLoader.loadClass(ClassLoaders.java:188)
	at java.base/java.lang.ClassLoader.loadClass(ClassLoader.java:525)
	... 47 common frames omitted
